10: 6.445e-01
20: 6.924e-01
30: 6.750e-01
40: 6.775e-01
50: 6.877e-01
60: 7.800e-01
70: 7.454e-01
80: 7.676e-01
90: 7.677e-01
100: 8.018e-01
110: 7.814e-01
120: 7.789e-01
130: 7.677e-01
140: 7.735e-01
150: 7.752e-01
160: 7.673e-01
170: 7.953e-01
180: 7.938e-01
190: 7.984e-01
200: 8.010e-01
210: 7.843e-01
220: 9.970e-01
230: 9.814e-01
240: 9.195e-01
250: 9.377e-01
260: 8.796e-01
270: 9.554e-01
280: 9.215e-01
290: 9.193e-01
300: 9.256e-01
310: 9.166e-01
320: 9.356e-01
330: 9.220e-01
340: 9.305e-01
350: 8.946e-01
360: 9.131e-01
370: 8.900e-01
380: 9.431e-01
390: 9.503e-01
400: 9.198e-01
410: 9.199e-01
420: 9.605e-01
430: 1.005e+00
440: 1.016e+00
450: 1.013e+00
460: 1.020e+00
470: 1.004e+00
480: 9.599e-01
490: 9.428e-01
500: 9.602e-01
510: 9.646e-01
520: 9.641e-01
530: 9.516e-01
540: 9.513e-01
550: 9.577e-01
560: 1.004e+00
570: 1.018e+00
580: 9.886e-01
590: 9.767e-01
