10: 7.666e-01
20: 8.026e-01
30: 8.090e-01
40: 8.454e-01
50: 8.607e-01
60: 1.032e+00
70: 9.937e-01
80: 1.061e+00
90: 1.063e+00
100: 1.058e+00
110: 1.082e+00
120: 1.055e+00
130: 1.050e+00
140: 1.078e+00
150: 1.083e+00
160: 1.059e+00
170: 1.034e+00
180: 1.030e+00
190: 1.022e+00
200: 1.080e+00
210: 1.050e+00
220: 1.326e+00
230: 1.318e+00
240: 1.297e+00
250: 1.293e+00
260: 1.267e+00
270: 1.276e+00
280: 1.281e+00
290: 1.268e+00
300: 1.288e+00
310: 1.281e+00
320: 1.271e+00
330: 1.285e+00
340: 1.282e+00
350: 1.275e+00
360: 1.284e+00
370: 1.245e+00
380: 1.292e+00
390: 1.286e+00
400: 1.278e+00
410: 1.276e+00
420: 1.317e+00
430: 1.340e+00
440: 1.342e+00
450: 1.337e+00
460: 1.323e+00
470: 1.324e+00
480: 1.330e+00
490: 1.319e+00
500: 1.306e+00
510: 1.301e+00
520: 1.317e+00
530: 1.297e+00
540: 1.281e+00
550: 1.283e+00
560: 1.298e+00
570: 1.276e+00
580: 1.299e+00
590: 1.304e+00
