10: 2.986e+00
20: 3.846e+00
30: 3.542e+00
40: 3.874e+00
50: 3.562e+00
60: 3.921e+00
70: 3.136e+00
80: 3.954e+00
90: 4.034e+00
100: 4.065e+00
110: 4.507e+00
120: 4.777e+00
130: 4.136e+00
140: 4.264e+00
150: 4.209e+00
160: 4.228e+00
170: 4.304e+00
180: 4.846e+00
190: 4.730e+00
200: 4.861e+00
210: 4.870e+00
220: 5.773e+00
230: 5.369e+00
240: 4.914e+00
250: 4.812e+00
260: 4.313e+00
270: 5.170e+00
280: 4.662e+00
290: 4.656e+00
300: 4.922e+00
310: 4.942e+00
320: 4.881e+00
330: 5.115e+00
340: 4.941e+00
350: 4.666e+00
360: 5.020e+00
370: 4.892e+00
380: 4.900e+00
390: 4.835e+00
400: 4.707e+00
410: 4.957e+00
420: 5.588e+00
430: 5.580e+00
440: 5.553e+00
450: 5.102e+00
460: 5.609e+00
470: 5.711e+00
480: 5.500e+00
490: 5.335e+00
500: 5.330e+00
510: 5.047e+00
520: 5.092e+00
530: 4.901e+00
540: 4.748e+00
550: 4.745e+00
560: 5.061e+00
570: 5.099e+00
580: 5.022e+00
590: 4.852e+00
