10: 3.579e-01
20: 3.791e-01
30: 3.733e-01
40: 3.729e-01
50: 3.674e-01
60: 3.750e-01
70: 3.609e-01
80: 3.746e-01
90: 3.697e-01
100: 3.839e-01
110: 3.844e-01
120: 3.926e-01
130: 3.955e-01
140: 3.992e-01
150: 4.045e-01
160: 3.981e-01
170: 3.988e-01
180: 4.113e-01
190: 4.138e-01
200: 4.093e-01
210: 4.089e-01
220: 4.276e-01
230: 4.235e-01
240: 4.109e-01
250: 4.108e-01
260: 4.116e-01
270: 4.121e-01
280: 4.151e-01
290: 4.150e-01
300: 4.189e-01
310: 4.146e-01
320: 4.130e-01
330: 4.130e-01
340: 4.136e-01
350: 4.053e-01
360: 4.112e-01
370: 3.920e-01
380: 4.108e-01
390: 4.121e-01
400: 4.183e-01
410: 4.143e-01
420: 4.381e-01
430: 4.282e-01
440: 4.270e-01
450: 4.136e-01
460: 4.311e-01
470: 4.332e-01
480: 4.253e-01
490: 4.270e-01
500: 4.264e-01
510: 4.240e-01
520: 4.199e-01
530: 4.120e-01
540: 4.167e-01
550: 4.294e-01
560: 4.510e-01
570: 4.441e-01
580: 4.395e-01
590: 4.352e-01
