10: 2.639e-01
20: 2.599e-01
30: 2.525e-01
40: 2.578e-01
50: 2.590e-01
60: 2.717e-01
70: 2.652e-01
80: 2.680e-01
90: 2.686e-01
100: 2.726e-01
110: 2.678e-01
120: 2.687e-01
130: 2.684e-01
140: 2.702e-01
150: 2.716e-01
160: 2.683e-01
170: 2.776e-01
180: 2.772e-01
190: 2.801e-01
200: 2.799e-01
210: 2.778e-01
220: 3.074e-01
230: 3.063e-01
240: 2.964e-01
250: 3.000e-01
260: 2.898e-01
270: 2.947e-01
280: 2.970e-01
290: 2.938e-01
300: 2.917e-01
310: 2.892e-01
320: 2.905e-01
330: 2.910e-01
340: 2.862e-01
350: 2.803e-01
360: 2.875e-01
370: 2.811e-01
380: 2.903e-01
390: 2.825e-01
400: 2.800e-01
410: 2.804e-01
420: 2.794e-01
430: 2.823e-01
440: 2.816e-01
450: 2.854e-01
460: 2.737e-01
470: 2.773e-01
480: 2.703e-01
490: 2.679e-01
500: 2.749e-01
510: 2.737e-01
520: 2.780e-01
530: 2.733e-01
540: 2.728e-01
550: 2.736e-01
560: 2.802e-01
570: 2.874e-01
580: 2.843e-01
590: 2.793e-01
