10: 1.160e+00
20: 1.269e+00
30: 1.262e+00
40: 1.331e+00
50: 1.216e+00
60: 1.593e+00
70: 1.498e+00
80: 1.593e+00
90: 1.639e+00
100: 1.680e+00
110: 1.704e+00
120: 1.733e+00
130: 1.754e+00
140: 1.802e+00
150: 1.856e+00
160: 1.827e+00
170: 1.807e+00
180: 1.819e+00
190: 1.765e+00
200: 1.915e+00
210: 1.886e+00
220: 2.549e+00
230: 2.524e+00
240: 2.478e+00
250: 2.494e+00
260: 2.471e+00
270: 2.482e+00
280: 2.480e+00
290: 2.447e+00
300: 2.476e+00
310: 2.477e+00
320: 2.471e+00
330: 2.491e+00
340: 2.479e+00
350: 2.466e+00
360: 2.471e+00
370: 2.446e+00
380: 2.478e+00
390: 2.483e+00
400: 2.481e+00
410: 2.464e+00
420: 2.514e+00
430: 2.556e+00
440: 2.534e+00
450: 2.538e+00
460: 2.492e+00
470: 2.480e+00
480: 2.485e+00
490: 2.493e+00
500: 2.461e+00
510: 2.475e+00
520: 2.462e+00
530: 2.418e+00
540: 2.386e+00
550: 2.405e+00
560: 2.441e+00
570: 2.419e+00
580: 2.454e+00
590: 2.464e+00
