10: 5.575e-01
20: 5.835e-01
30: 5.814e-01
40: 5.819e-01
50: 5.597e-01
60: 5.621e-01
70: 5.188e-01
80: 5.656e-01
90: 5.581e-01
100: 5.546e-01
110: 6.021e-01
120: 6.060e-01
130: 6.173e-01
140: 6.153e-01
150: 6.189e-01
160: 5.969e-01
170: 5.966e-01
180: 6.222e-01
190: 6.226e-01
200: 6.199e-01
210: 6.143e-01
220: 6.693e-01
230: 6.601e-01
240: 6.376e-01
250: 6.386e-01
260: 6.332e-01
270: 6.299e-01
280: 6.311e-01
290: 6.218e-01
300: 6.352e-01
310: 6.249e-01
320: 6.238e-01
330: 6.327e-01
340: 6.172e-01
350: 6.037e-01
360: 6.136e-01
370: 5.981e-01
380: 6.392e-01
390: 6.316e-01
400: 6.179e-01
410: 6.307e-01
420: 6.691e-01
430: 6.590e-01
440: 6.537e-01
450: 6.298e-01
460: 6.467e-01
470: 6.479e-01
480: 6.414e-01
490: 6.422e-01
500: 6.395e-01
510: 6.485e-01
520: 6.399e-01
530: 6.254e-01
540: 6.377e-01
550: 6.388e-01
560: 6.812e-01
570: 6.744e-01
580: 6.603e-01
590: 6.674e-01
