10: 1.789e+00
20: 2.153e+00
30: 2.122e+00
40: 2.204e+00
50: 2.062e+00
60: 2.661e+00
70: 2.425e+00
80: 2.724e+00
90: 2.763e+00
100: 2.849e+00
110: 3.070e+00
120: 3.054e+00
130: 2.859e+00
140: 3.019e+00
150: 3.010e+00
160: 2.989e+00
170: 2.936e+00
180: 3.376e+00
190: 3.302e+00
200: 3.297e+00
210: 3.309e+00
220: 4.066e+00
230: 3.983e+00
240: 3.631e+00
250: 3.628e+00
260: 3.399e+00
270: 3.675e+00
280: 3.385e+00
290: 3.259e+00
300: 3.194e+00
310: 3.188e+00
320: 3.040e+00
330: 3.149e+00
340: 2.990e+00
350: 2.739e+00
360: 2.897e+00
370: 2.644e+00
380: 2.866e+00
390: 2.431e+00
400: 2.842e+00
410: 2.856e+00
420: 3.388e+00
430: 3.159e+00
440: 3.028e+00
450: 2.894e+00
460: 3.210e+00
470: 3.399e+00
480: 3.345e+00
490: 3.309e+00
500: 3.295e+00
510: 3.241e+00
520: 3.213e+00
530: 3.197e+00
540: 3.023e+00
550: 3.121e+00
560: 3.350e+00
570: 3.252e+00
580: 3.138e+00
590: 2.894e+00
