10: 7.954e-01
20: 8.522e-01
30: 8.540e-01
40: 8.734e-01
50: 8.403e-01
60: 8.842e-01
70: 8.065e-01
80: 8.946e-01
90: 8.939e-01
100: 8.630e-01
110: 9.316e-01
120: 9.516e-01
130: 9.405e-01
140: 9.570e-01
150: 9.729e-01
160: 9.635e-01
170: 9.756e-01
180: 1.020e+00
190: 1.001e+00
200: 1.044e+00
210: 1.017e+00
220: 1.178e+00
230: 1.153e+00
240: 1.115e+00
250: 1.103e+00
260: 1.065e+00
270: 1.089e+00
280: 1.078e+00
290: 1.099e+00
300: 1.136e+00
310: 1.132e+00
320: 1.126e+00
330: 1.174e+00
340: 1.148e+00
350: 1.120e+00
360: 1.172e+00
370: 1.112e+00
380: 1.165e+00
390: 1.193e+00
400: 1.172e+00
410: 1.175e+00
420: 1.170e+00
430: 1.181e+00
440: 1.214e+00
450: 1.201e+00
460: 1.232e+00
470: 1.235e+00
480: 1.207e+00
490: 1.203e+00
500: 1.217e+00
510: 1.171e+00
520: 1.198e+00
530: 1.156e+00
540: 1.142e+00
550: 1.151e+00
560: 1.187e+00
570: 1.191e+00
580: 1.179e+00
590: 1.195e+00
