10: 1.471e+00
20: 1.901e+00
30: 1.989e+00
40: 2.123e+00
50: 2.205e+00
60: 2.514e+00
70: 2.524e+00
80: 2.709e+00
90: 2.768e+00
100: 2.934e+00
110: 3.174e+00
120: 3.228e+00
130: 3.410e+00
140: 3.532e+00
150: 3.654e+00
160: 3.640e+00
170: 3.693e+00
180: 3.752e+00
190: 3.847e+00
200: 4.032e+00
210: 3.972e+00
220: 4.496e+00
230: 4.485e+00
240: 4.499e+00
250: 4.512e+00
260: 4.527e+00
270: 4.524e+00
280: 4.569e+00
290: 4.563e+00
300: 4.602e+00
310: 4.589e+00
320: 4.564e+00
330: 4.678e+00
340: 4.604e+00
350: 4.540e+00
360: 4.622e+00
370: 4.433e+00
380: 4.633e+00
390: 4.655e+00
400: 4.659e+00
410: 4.639e+00
420: 4.710e+00
430: 4.729e+00
440: 4.858e+00
450: 4.919e+00
460: 4.883e+00
470: 4.914e+00
480: 4.904e+00
490: 4.894e+00
500: 4.938e+00
510: 4.963e+00
520: 4.991e+00
530: 4.967e+00
540: 5.014e+00
550: 5.098e+00
560: 5.284e+00
570: 5.240e+00
580: 5.186e+00
590: 5.268e+00
