10: 9.750e-01
20: 1.036e+00
30: 1.044e+00
40: 1.084e+00
50: 1.095e+00
60: 1.293e+00
70: 1.253e+00
80: 1.329e+00
90: 1.332e+00
100: 1.328e+00
110: 1.356e+00
120: 1.326e+00
130: 1.317e+00
140: 1.354e+00
150: 1.362e+00
160: 1.332e+00
170: 1.297e+00
180: 1.288e+00
190: 1.265e+00
200: 1.334e+00
210: 1.289e+00
220: 1.536e+00
230: 1.525e+00
240: 1.501e+00
250: 1.492e+00
260: 1.468e+00
270: 1.486e+00
280: 1.499e+00
290: 1.483e+00
300: 1.506e+00
310: 1.495e+00
320: 1.481e+00
330: 1.501e+00
340: 1.495e+00
350: 1.481e+00
360: 1.493e+00
370: 1.440e+00
380: 1.502e+00
390: 1.506e+00
400: 1.496e+00
410: 1.499e+00
420: 1.541e+00
430: 1.562e+00
440: 1.566e+00
450: 1.563e+00
460: 1.542e+00
470: 1.547e+00
480: 1.563e+00
490: 1.559e+00
500: 1.546e+00
510: 1.535e+00
520: 1.561e+00
530: 1.542e+00
540: 1.521e+00
550: 1.540e+00
560: 1.560e+00
570: 1.531e+00
580: 1.559e+00
590: 1.560e+00
