10: 1.763e-01
20: 1.758e-01
30: 1.749e-01
40: 1.732e-01
50: 1.699e-01
60: 1.745e-01
70: 1.722e-01
80: 1.733e-01
90: 1.737e-01
100: 1.741e-01
110: 1.725e-01
120: 1.717e-01
130: 1.729e-01
140: 1.714e-01
150: 1.717e-01
160: 1.722e-01
170: 1.740e-01
180: 1.741e-01
190: 1.720e-01
200: 1.732e-01
210: 1.734e-01
220: 1.775e-01
230: 1.788e-01
240: 1.775e-01
250: 1.800e-01
260: 1.785e-01
270: 1.792e-01
280: 1.780e-01
290: 1.772e-01
300: 1.765e-01
310: 1.758e-01
320: 1.751e-01
330: 1.757e-01
340: 1.734e-01
350: 1.725e-01
360: 1.747e-01
370: 1.748e-01
380: 1.746e-01
390: 1.740e-01
400: 1.737e-01
410: 1.753e-01
420: 1.768e-01
430: 1.762e-01
440: 1.715e-01
450: 1.736e-01
460: 1.696e-01
470: 1.786e-01
480: 1.751e-01
490: 1.754e-01
500: 1.791e-01
510: 1.749e-01
520: 1.762e-01
530: 1.748e-01
540: 1.743e-01
550: 1.752e-01
560: 1.770e-01
570: 1.774e-01
580: 1.768e-01
590: 1.722e-01
