10: 4.273e+00
20: 5.987e+00
30: 5.659e+00
40: 6.252e+00
50: 6.059e+00
60: 6.449e+00
70: 5.602e+00
80: 6.870e+00
90: 7.132e+00
100: 7.605e+00
110: 8.393e+00
120: 8.834e+00
130: 7.909e+00
140: 8.182e+00
150: 8.196e+00
160: 8.336e+00
170: 8.482e+00
180: 9.516e+00
190: 9.374e+00
200: 9.617e+00
210: 9.734e+00
220: 1.155e+01
230: 1.083e+01
240: 1.005e+01
250: 9.935e+00
260: 9.070e+00
270: 1.076e+01
280: 9.759e+00
290: 9.767e+00
300: 1.038e+01
310: 1.048e+01
320: 1.046e+01
330: 1.090e+01
340: 1.056e+01
350: 9.967e+00
360: 1.068e+01
370: 1.046e+01
380: 1.053e+01
390: 1.054e+01
400: 1.037e+01
410: 1.118e+01
420: 1.233e+01
430: 1.236e+01
440: 1.246e+01
450: 1.158e+01
460: 1.260e+01
470: 1.278e+01
480: 1.246e+01
490: 1.213e+01
500: 1.211e+01
510: 1.157e+01
520: 1.162e+01
530: 1.129e+01
540: 1.102e+01
550: 1.066e+01
560: 1.110e+01
570: 1.124e+01
580: 1.137e+01
590: 1.101e+01
