10: 1.410e+00
20: 1.583e+00
30: 1.576e+00
40: 1.659e+00
50: 1.539e+00
60: 1.982e+00
70: 1.866e+00
80: 1.987e+00
90: 2.043e+00
100: 2.086e+00
110: 2.130e+00
120: 2.160e+00
130: 2.191e+00
140: 2.246e+00
150: 2.316e+00
160: 2.279e+00
170: 2.253e+00
180: 2.276e+00
190: 2.206e+00
200: 2.399e+00
210: 2.368e+00
220: 3.141e+00
230: 3.118e+00
240: 3.060e+00
250: 3.088e+00
260: 3.056e+00
270: 3.075e+00
280: 3.069e+00
290: 3.025e+00
300: 3.060e+00
310: 3.063e+00
320: 3.058e+00
330: 3.080e+00
340: 3.063e+00
350: 3.047e+00
360: 3.050e+00
370: 3.023e+00
380: 3.059e+00
390: 3.062e+00
400: 3.065e+00
410: 3.030e+00
420: 3.102e+00
430: 3.164e+00
440: 3.142e+00
450: 3.151e+00
460: 3.091e+00
470: 3.070e+00
480: 3.089e+00
490: 3.104e+00
500: 3.064e+00
510: 3.086e+00
520: 3.073e+00
530: 3.027e+00
540: 2.988e+00
550: 3.019e+00
560: 3.054e+00
570: 3.038e+00
580: 3.080e+00
590: 3.088e+00
