10: 2.153e+00
20: 2.520e+00
30: 2.504e+00
40: 2.626e+00
50: 2.473e+00
60: 3.142e+00
70: 2.850e+00
80: 3.208e+00
90: 3.245e+00
100: 3.301e+00
110: 3.598e+00
120: 3.577e+00
130: 3.371e+00
140: 3.534e+00
150: 3.524e+00
160: 3.488e+00
170: 3.399e+00
180: 3.916e+00
190: 3.838e+00
200: 3.846e+00
210: 3.861e+00
220: 4.604e+00
230: 4.501e+00
240: 4.119e+00
250: 4.155e+00
260: 3.868e+00
270: 4.172e+00
280: 3.867e+00
290: 3.726e+00
300: 3.660e+00
310: 3.681e+00
320: 3.542e+00
330: 3.706e+00
340: 3.506e+00
350: 3.310e+00
360: 3.627e+00
370: 3.482e+00
380: 3.729e+00
390: 3.533e+00
400: 3.489e+00
410: 3.378e+00
420: 4.460e+00
430: 4.501e+00
440: 4.487e+00
450: 4.230e+00
460: 4.523e+00
470: 4.559e+00
480: 4.554e+00
490: 4.517e+00
500: 4.485e+00
510: 4.501e+00
520: 4.507e+00
530: 4.484e+00
540: 4.416e+00
550: 4.394e+00
560: 4.459e+00
570: 4.439e+00
580: 4.406e+00
590: 4.351e+00
