10: 6.409e-01
20: 6.541e-01
30: 6.554e-01
40: 6.596e-01
50: 6.675e-01
60: 6.726e-01
70: 6.717e-01
80: 6.798e-01
90: 6.837e-01
100: 6.941e-01
110: 7.077e-01
120: 7.109e-01
130: 7.135e-01
140: 7.174e-01
150: 7.246e-01
160: 7.244e-01
170: 7.326e-01
180: 7.409e-01
190: 7.489e-01
200: 7.530e-01
210: 7.548e-01
220: 7.889e-01
230: 7.841e-01
240: 7.808e-01
250: 7.805e-01
260: 7.784e-01
270: 7.933e-01
280: 7.880e-01
290: 7.886e-01
300: 7.932e-01
310: 7.960e-01
320: 7.982e-01
330: 8.076e-01
340: 8.054e-01
350: 8.023e-01
360: 8.055e-01
370: 8.004e-01
380: 8.062e-01
390: 8.155e-01
400: 8.173e-01
410: 8.261e-01
420: 8.292e-01
430: 8.356e-01
440: 8.424e-01
450: 8.394e-01
460: 8.580e-01
470: 8.607e-01
480: 8.596e-01
490: 8.567e-01
500: 8.566e-01
510: 8.588e-01
520: 8.598e-01
530: 8.587e-01
540: 8.588e-01
550: 8.614e-01
560: 8.784e-01
570: 8.759e-01
580: 8.723e-01
590: 8.776e-01
