10: 6.611e-01
20: 6.724e-01
30: 6.740e-01
40: 6.784e-01
50: 6.851e-01
60: 6.914e-01
70: 6.906e-01
80: 6.991e-01
90: 7.025e-01
100: 7.118e-01
110: 7.246e-01
120: 7.287e-01
130: 7.316e-01
140: 7.361e-01
150: 7.437e-01
160: 7.430e-01
170: 7.511e-01
180: 7.575e-01
190: 7.667e-01
200: 7.685e-01
210: 7.706e-01
220: 8.013e-01
230: 7.992e-01
240: 7.964e-01
250: 7.969e-01
260: 7.953e-01
270: 8.097e-01
280: 8.054e-01
290: 8.063e-01
300: 8.110e-01
310: 8.133e-01
320: 8.148e-01
330: 8.235e-01
340: 8.221e-01
350: 8.206e-01
360: 8.240e-01
370: 8.190e-01
380: 8.247e-01
390: 8.321e-01
400: 8.346e-01
410: 8.428e-01
420: 8.471e-01
430: 8.511e-01
440: 8.586e-01
450: 8.568e-01
460: 8.724e-01
470: 8.767e-01
480: 8.763e-01
490: 8.742e-01
500: 8.753e-01
510: 8.767e-01
520: 8.776e-01
530: 8.770e-01
540: 8.775e-01
550: 8.805e-01
560: 8.975e-01
570: 8.960e-01
580: 8.960e-01
590: 9.001e-01
