1: 1.370e+00
2: 1.228e+00
3: 1.771e+00
4: 0.000e+00
5: 5.635e-01
6: 1.529e+00
7: 6.927e-01
8: 0.000e+00
9: 0.000e+00
10: 2.202e+00
11: 0.000e+00
12: 4.718e-01
13: 9.990e-01
14: 2.713e+00
15: 1.430e+00
16: 2.580e-01
17: 0.000e+00
18: 1.496e+00
19: 1.638e+00
20: 1.534e+00
21: 3.307e-01
22: 1.403e-01
23: 1.730e-01
24: 1.784e-01
25: 0.000e+00
26: 0.000e+00
27: 0.000e+00
28: 0.000e+00
29: 5.958e-01
30: 0.000e+00
31: 0.000e+00
32: 8.499e-01
33: 0.000e+00
34: 2.600e-01
35: 1.606e-01
36: 1.974e+00
37: 0.000e+00
38: 0.000e+00
39: 1.451e+00
40: 1.013e+00
41: 8.000e-01
42: 7.325e-01
43: 0.000e+00
44: 6.088e-01
45: 3.262e-01
46: 0.000e+00
47: 1.372e+00
48: 0.000e+00
49: 0.000e+00
50: 1.211e+00
51: 0.000e+00
52: 1.150e+00
53: 6.571e-02
54: 0.000e+00
55: 0.000e+00
56: 0.000e+00
57: 1.107e+00
58: 2.718e-01
59: 0.000e+00
60: 1.635e-01
61: 3.263e-01
62: 0.000e+00
63: 8.206e-01
64: 3.658e-02
65: 0.000e+00
66: 1.006e-01
67: 3.959e-01
68: 7.842e-01
69: 0.000e+00
70: 0.000e+00
71: 1.359e+00
72: 0.000e+00
73: 1.008e+00
74: 0.000e+00
75: 0.000e+00
76: 9.933e-01
77: 8.990e-01
78: 2.093e-01
79: 0.000e+00
80: 7.515e-01
81: 1.274e+00
82: 0.000e+00
83: 8.547e-01
84: 4.421e-01
85: 0.000e+00
86: 0.000e+00
87: 2.149e-01
88: 0.000e+00
89: 0.000e+00
90: 0.000e+00
91: 6.046e-01
92: 3.758e+00
93: 4.460e-01
94: 0.000e+00
95: 2.008e-01
96: 9.062e-01
97: 3.483e-01
98: 1.581e+00
99: 0.000e+00
100: 0.000e+00
101: 1.197e+00
102: 8.380e-01
103: 2.990e-01
104: 1.996e+00
105: 1.514e+00
106: 5.940e-01
107: 4.432e+00
108: 6.962e-01
109: 7.962e+00
110: 1.564e+00
111: 1.124e+00
112: 1.493e+00
113: 4.723e-01
114: 7.525e-01
115: 0.000e+00
116: 0.000e+00
117: 1.137e-04
118: 1.304e+00
119: 4.579e-01
120: 0.000e+00
121: 2.014e-02
122: 5.590e-01
123: 1.006e-01
124: 6.134e-01
125: 0.000e+00
126: 7.720e-01
127: 9.104e-01
128: 5.469e-01
129: 1.860e-01
130: 4.291e-02
131: 7.717e-01
132: 3.560e-01
133: 0.000e+00
134: 0.000e+00
135: 2.327e-01
136: 0.000e+00
137: 0.000e+00
138: 3.572e-02
139: 0.000e+00
140: 2.948e-01
141: 0.000e+00
142: 7.376e-01
143: 1.216e-02
144: 0.000e+00
145: 1.955e+00
146: 0.000e+00
147: 0.000e+00
148: 1.950e+00
149: 7.615e-01
150: 2.195e-01
151: 2.807e-01
152: 0.000e+00
153: 4.893e-01
154: 0.000e+00
155: 5.487e-01
156: 1.032e+00
157: 1.229e-01
158: 0.000e+00
159: 0.000e+00
160: 0.000e+00
161: 2.294e-03
162: 1.586e+00
163: 2.814e-01
164: 1.345e+00
165: 5.120e-01
166: 9.481e-01
167: 0.000e+00
168: 2.331e-02
169: 7.371e-01
170: 1.202e+00
171: 2.482e-02
172: 1.221e+00
173: 1.511e+00
174: 1.294e+00
175: 9.773e-01
176: 0.000e+00
177: 4.382e-01
178: 8.077e-02
179: 0.000e+00
180: 0.000e+00
181: 0.000e+00
182: 0.000e+00
183: 8.140e-02
184: 2.259e+00
185: 6.521e-01
186: 1.250e-02
187: 3.769e-01
188: 1.314e-01
189: 1.652e+00
190: 4.036e-01
191: 2.906e-01
192: 1.981e+00
193: 9.527e-01
194: 1.549e-01
195: 1.134e+00
196: 5.505e-01
197: 1.589e+00
198: 9.202e-01
199: 2.198e-01
200: 0.000e+00
201: 4.105e-01
202: 1.882e+00
203: 5.438e-01
204: 5.443e-01
205: 0.000e+00
206: 9.482e-01
207: 6.580e-02
208: 7.624e-02
209: 3.074e-01
210: 7.341e-01
211: 8.189e-01
212: 4.540e-01
213: 5.950e-01
214: 6.577e-02
215: 4.637e-01
216: 2.567e+00
217: 0.000e+00
218: 0.000e+00
219: 2.023e+00
220: 1.763e+00
221: 1.446e+00
222: 1.499e+00
223: 1.027e+00
224: 1.099e+00
225: 5.678e-01
226: 3.842e-01
227: 1.940e+00
228: 8.533e-01
229: 1.270e+00
230: 6.613e-03
231: 4.923e-01
232: 7.625e-02
233: 4.337e-01
234: 5.919e-01
235: 5.135e-01
236: 1.266e-01
237: 1.545e+00
238: 1.170e+00
239: 1.308e+00
240: 5.359e-01
241: 1.308e+00
242: 7.494e-01
243: 4.268e-02
244: 5.961e-01
245: 2.861e-01
246: 1.241e+00
247: 3.291e-01
248: 3.781e-01
249: 8.053e-01
250: 6.561e-01
251: 7.118e-01
252: 0.000e+00
253: 2.765e-01
254: 2.813e-01
255: 4.045e-01
256: 3.175e-01
257: 5.432e-02
258: 2.741e-01
259: 6.639e-01
260: 9.846e-02
261: 1.444e-01
262: 6.725e-01
263: 7.942e-01
264: 0.000e+00
265: 1.318e-01
266: 1.647e+00
267: 1.626e+00
268: 1.442e+00
269: 1.041e+00
270: 7.739e-01
271: 6.729e-01
272: 9.185e-01
273: 1.413e+00
274: 3.340e-01
275: 1.588e-01
276: 1.099e-01
277: 5.739e-01
278: 6.382e-01
279: 1.189e-01
280: 2.634e-01
281: 3.708e-01
282: 1.552e-01
283: 2.473e-01
284: 1.712e-01
285: 4.892e-02
286: 9.029e-01
287: 8.086e-01
288: 6.842e-01
289: 6.314e-01
290: 7.569e-01
291: 1.327e+00
292: 1.465e+00
293: 8.488e-01
294: 2.557e-01
295: 1.694e-01
296: 7.001e-02
297: 4.736e-01
298: 7.722e-01
299: 5.236e-01
300: 6.183e-01
301: 4.905e-01
302: 1.782e-01
303: 1.187e-01
304: 9.820e-01
305: 6.630e-01
306: 5.162e-01
307: 6.572e-01
308: 4.705e-01
309: 1.274e+00
310: 1.055e+00
311: 5.367e-01
312: 1.887e-02
313: 7.281e-01
314: 1.767e+00
315: 1.044e+00
316: 7.898e-01
317: 7.985e-01
318: 6.458e-01
319: 8.762e-02
320: 2.200e-02
321: 2.555e-01
322: 6.557e-01
323: 6.659e-01
324: 5.010e-01
325: 2.574e-01
326: 6.273e-02
327: 1.414e-01
328: 2.642e-02
329: 9.373e-01
330: 7.919e-01
331: 7.314e-01
332: 4.752e-01
333: 3.610e-01
334: 4.547e-01
335: 1.041e+00
336: 1.005e+00
337: 9.830e-01
338: 8.026e-01
339: 6.006e-01
340: 7.708e-01
341: 7.456e-01
342: 3.373e-01
343: 2.448e-01
344: 1.610e-01
345: 4.170e-01
346: 5.158e-01
347: 5.869e-01
348: 5.181e-01
349: 4.663e-01
350: 4.617e-02
351: 8.887e-02
352: 2.405e-01
353: 7.656e-01
354: 5.159e-01
355: 3.224e-01
356: 4.096e-01
357: 5.220e-01
358: 9.697e-01
359: 4.170e-01
360: 3.927e-01
361: 1.218e-02
362: 1.128e-01
363: 7.541e-02
364: 1.007e-01
365: 3.109e-01
366: 1.258e-02
367: 2.364e-01
368: 5.568e-03
369: 1.104e-01
370: 2.010e-01
371: 7.223e-01
372: 5.361e-01
373: 5.033e-01
374: 7.788e-01
375: 7.492e-01
376: 4.853e-01
377: 3.020e-01
378: 7.678e-02
379: 4.083e-01
380: 0.000e+00
381: 0.000e+00
382: 1.178e-02
383: 1.414e+00
384: 1.308e+00
385: 2.445e+00
386: 4.188e-01
387: 3.656e-01
388: 2.114e+00
389: 1.497e+00
390: 1.083e+00
391: 1.141e-01
392: 8.114e-01
393: 1.535e+00
394: 1.182e+00
395: 1.454e+00
396: 1.078e+00
397: 8.490e-01
398: 5.155e-01
399: 4.915e-01
400: 5.497e-01
401: 2.386e-01
402: 1.305e+00
403: 2.755e+00
404: 1.645e+00
405: 1.294e+00
406: 6.054e-01
407: 6.815e-01
408: 5.911e-01
409: 5.383e-01
410: 1.330e+00
411: 6.877e-01
412: 9.579e-01
413: 1.523e+00
414: 1.268e+00
415: 0.000e+00
416: 1.503e-01
417: 1.465e+00
418: 1.055e+00
419: 8.246e-01
420: 2.699e-01
421: 8.976e-02
422: 4.602e-02
423: 2.343e-01
424: 3.744e-01
425: 2.062e-01
426: 2.212e-01
427: 4.158e-01
428: 1.123e+00
429: 5.162e-01
430: 2.989e-01
431: 1.442e+00
432: 1.193e+00
433: 1.659e+00
434: 9.810e-01
435: 7.899e-01
436: 1.723e-01
437: 5.004e-01
438: 1.798e+00
439: 1.769e+00
440: 1.570e+00
441: 1.517e+00
442: 1.220e+00
443: 9.560e-01
444: 5.781e-01
445: 5.165e-02
446: 6.812e-01
447: 6.968e-01
448: 7.324e-01
449: 5.077e-01
450: 0.000e+00
451: 9.940e-01
452: 8.464e-01
453: 2.840e-01
454: 2.616e-01
455: 4.045e-01
456: 4.919e-02
457: 1.531e-01
458: 1.952e+00
459: 1.674e+00
460: 1.564e+00
461: 1.295e+00
462: 1.094e+00
463: 8.580e-01
464: 3.889e-01
465: 7.071e-01
466: 5.661e-01
467: 3.260e-01
468: 6.137e-01
469: 2.279e-01
470: 4.381e-01
471: 5.676e-01
472: 2.741e-01
473: 1.742e+00
474: 1.099e+00
475: 1.044e+00
476: 9.964e-01
477: 9.515e-01
478: 8.734e-01
479: 6.331e-01
480: 9.912e-01
481: 8.315e-01
482: 4.281e-01
483: 2.829e-01
484: 5.720e-01
485: 2.557e-01
486: 4.798e-01
487: 9.434e-01
488: 7.197e-01
489: 8.386e-01
490: 6.772e-01
491: 4.465e-01
492: 4.940e-01
493: 3.682e-01
494: 4.229e-01
495: 3.379e-01
496: 8.568e-02
497: 4.335e-02
498: 4.076e-02
499: 2.815e-01
500: 0.000e+00
501: 1.414e-01
502: 1.616e+00
503: 2.739e-01
504: 5.515e-01
505: 4.285e-01
506: 9.630e-01
507: 6.754e-01
508: 1.062e+00
509: 9.828e-01
510: 7.372e-01
511: 6.135e-01
512: 5.261e-01
513: 1.937e-01
514: 2.833e-01
515: 0.000e+00
516: 1.438e-01
517: 4.701e-01
518: 5.614e-01
519: 6.311e-01
520: 4.113e-01
521: 5.714e-01
522: 2.953e-01
523: 8.575e-02
524: 1.325e-01
525: 7.043e-02
526: 2.933e-01
527: 1.776e-01
528: 3.798e-01
529: 6.019e-02
530: 6.691e-01
531: 8.119e-01
532: 6.473e-01
533: 4.622e-01
534: 4.964e-01
535: 3.873e-01
536: 7.475e-01
537: 5.152e-02
538: 0.000e+00
539: 8.841e-01
540: 1.148e+00
541: 1.342e+00
542: 1.010e+00
543: 1.024e+00
544: 8.475e-01
545: 2.934e-02
546: 4.379e-01
547: 4.869e-02
548: 1.370e-01
549: 1.175e+00
550: 8.759e-01
551: 9.149e-01
552: 2.740e+00
553: 1.674e+00
554: 1.926e+00
555: 1.566e+00
556: 2.438e+00
557: 1.833e+00
558: 1.626e+00
559: 1.785e+00
560: 1.385e+00
561: 1.275e+00
562: 1.685e+00
563: 1.227e+00
564: 1.181e+00
565: 1.403e+00
566: 1.141e+00
567: 8.420e-01
568: 8.958e-01
569: 6.764e-01
570: 1.329e+00
571: 1.272e+00
572: 6.882e-01
573: 2.668e-01
574: 1.194e+00
575: 1.102e+00
576: 1.201e+00
577: 1.177e+00
578: 1.304e+00
579: 8.909e-01
580: 7.044e-01
581: 6.633e-01
582: 6.135e-01
583: 9.671e-01
584: 1.001e+00
585: 1.752e+00
586: 1.256e+00
587: 1.565e+00
588: 1.199e+00
589: 9.475e-01
590: 9.227e-01
591: 9.092e-01
592: 8.235e-01
593: 1.304e+00
594: 1.210e+00
595: 1.828e+00
596: 1.536e+00
597: 1.454e+00
598: 8.699e-01
599: 5.510e-01
