1: 8.384e-02
2: 4.290e-01
3: 0.000e+00
4: 1.527e+00
5: 1.567e+00
6: 6.649e-02
7: 3.494e-01
8: 4.129e-01
9: 7.030e-01
10: 0.000e+00
11: 1.256e+00
12: 5.698e-01
13: 2.682e-01
14: 0.000e+00
15: 0.000e+00
16: 1.510e-01
17: 2.640e+00
18: 3.606e-01
19: 0.000e+00
20: 3.655e-03
21: 8.964e-01
22: 8.878e-01
23: 2.433e-01
24: 4.713e-01
25: 1.251e+00
26: 2.571e+00
27: 2.560e+00
28: 9.299e-01
29: 7.693e-01
30: 1.484e+00
31: 4.464e-01
32: 6.640e-02
33: 2.853e+00
34: 1.034e+00
35: 1.038e+00
36: 0.000e+00
37: 2.733e+00
38: 8.239e-01
39: 4.651e-02
40: 5.675e-01
41: 5.253e-01
42: 8.647e-01
43: 2.070e+00
44: 3.244e-01
45: 5.538e-01
46: 5.120e-01
47: 6.207e-01
48: 0.000e+00
49: 7.446e-01
50: 2.339e-01
51: 8.896e-01
52: 1.277e-01
53: 1.884e+00
54: 2.311e+00
55: 1.186e+00
56: 1.309e+00
57: 1.135e+00
58: 6.049e-01
59: 4.134e-01
60: 3.963e-01
61: 9.129e-01
62: 5.652e-01
63: 1.245e+00
64: 6.787e-01
65: 1.028e+00
66: 3.900e-01
67: 3.537e-01
68: 3.612e-01
69: 1.239e+00
70: 1.486e+00
71: 7.376e-01
72: 9.600e-01
73: 3.461e-01
74: 9.539e-01
75: 1.440e+00
76: 1.740e-01
77: 2.864e-01
78: 5.800e-01
79: 1.252e+00
80: 2.993e-01
81: 6.380e-02
82: 6.955e-01
83: 7.159e-01
84: 5.277e-01
85: 1.857e+00
86: 3.766e-01
87: 5.076e-01
88: 7.257e-01
89: 9.988e-01
90: 5.437e-01
91: 1.811e+00
92: 3.427e-02
93: 2.221e+00
94: 3.109e-01
95: 1.762e+00
96: 9.351e-02
97: 5.018e-01
98: 3.585e-01
99: 5.414e-01
100: 3.655e+00
101: 5.086e-01
102: 2.106e-01
103: 7.759e-01
104: 0.000e+00
105: 1.395e-01
106: 2.336e-01
107: 0.000e+00
108: 1.150e-01
109: 0.000e+00
110: 8.909e-01
111: 1.180e+00
112: 1.586e-01
113: 3.637e-01
114: 3.801e-01
115: 6.106e-01
116: 1.987e+00
117: 1.390e+00
118: 1.394e+00
119: 3.567e-01
120: 9.646e-01
121: 9.430e-01
122: 1.047e+00
123: 9.722e-01
124: 3.810e-01
125: 3.506e-01
126: 4.340e-01
127: 2.055e-02
128: 3.290e-01
129: 6.948e-01
130: 2.432e+00
131: 2.838e-01
132: 2.434e-01
133: 2.494e-01
134: 6.645e-01
135: 3.053e-02
136: 2.290e-01
137: 1.130e+00
138: 1.932e-01
139: 1.130e+00
140: 2.840e+00
141: 8.030e+00
142: 5.419e-01
143: 4.274e-01
144: 8.213e-01
145: 0.000e+00
146: 7.637e-01
147: 1.260e+00
148: 1.799e-01
149: 1.272e-01
150: 8.350e-01
151: 3.386e-01
152: 1.093e+00
153: 5.674e-01
154: 5.275e-01
155: 3.828e-02
156: 2.352e-01
157: 2.447e-01
158: 7.325e-01
159: 8.746e-01
160: 1.249e+00
161: 5.101e-01
162: 7.431e-02
163: 4.234e+00
164: 1.078e-01
165: 7.144e-01
166: 1.385e+00
167: 1.064e+00
168: 8.970e-01
169: 4.848e-01
170: 1.075e-01
171: 4.966e-01
172: 1.345e+00
173: 3.328e-01
174: 0.000e+00
175: 3.489e-01
176: 3.987e-01
177: 2.666e-01
178: 2.496e+00
179: 1.155e+00
180: 2.543e+00
181: 1.723e+00
182: 1.051e+00
183: 2.681e+00
184: 0.000e+00
185: 5.440e-01
186: 1.770e+00
187: 5.311e-01
188: 2.198e+00
189: 2.030e-01
190: 9.048e-01
191: 6.091e+00
192: 1.751e-02
193: 6.470e-01
194: 1.805e+00
195: 1.202e-01
196: 9.582e-01
197: 1.261e-01
198: 9.387e-01
199: 9.870e-01
200: 7.349e-01
201: 4.910e-01
202: 9.006e-02
203: 8.004e-01
204: 5.756e-01
205: 1.541e+00
206: 4.119e-01
207: 7.467e-01
208: 8.192e-01
209: 1.885e-01
210: 2.217e+00
211: 4.965e-01
212: 1.285e+00
213: 1.406e+00
214: 5.876e-01
215: 1.250e+00
216: 0.000e+00
217: 0.000e+00
218: 0.000e+00
219: 8.728e-04
220: 4.899e-02
221: 3.938e-01
222: 1.053e-01
223: 1.467e-01
224: 3.825e-02
225: 2.449e-01
226: 1.254e+00
227: 1.177e-02
228: 2.240e-01
229: 2.871e-01
230: 9.698e-01
231: 3.028e-01
232: 6.571e-01
233: 1.529e+00
234: 1.076e+00
235: 3.189e-01
236: 3.536e-01
237: 1.496e-01
238: 1.689e-01
239: 7.506e-02
240: 2.263e+00
241: 4.170e-01
242: 7.175e-01
243: 3.465e+00
244: 2.348e-01
245: 7.120e-01
246: 1.229e-01
247: 1.054e+00
248: 4.254e-01
249: 7.841e-01
250: 1.994e+00
251: 5.047e-01
252: 2.381e+00
253: 1.336e+00
254: 2.623e+00
255: 1.842e+00
256: 1.300e+00
257: 6.244e-01
258: 1.582e-01
259: 6.947e-01
260: 1.139e+00
261: 1.704e+00
262: 7.529e-01
263: 8.960e-01
264: 8.848e-01
265: 1.895e+01
266: 3.743e-01
267: 2.269e-01
268: 5.693e-02
269: 3.118e-01
270: 9.994e-01
271: 5.871e-01
272: 4.983e-01
273: 1.520e-01
274: 3.552e-01
275: 2.207e+00
276: 5.784e-01
277: 9.240e-01
278: 1.038e+00
279: 4.871e-01
280: 1.262e+00
281: 2.764e-01
282: 1.147e+00
283: 1.219e+00
284: 4.119e-01
285: 7.768e-01
286: 1.808e-01
287: 3.738e-02
288: 4.012e-01
289: 1.483e+00
290: 1.531e+00
291: 4.219e-01
292: 4.369e-01
293: 3.278e-01
294: 1.450e+00
295: 6.946e-01
296: 9.582e-01
297: 3.018e+00
298: 1.053e+00
299: 5.278e-01
300: 1.747e+00
301: 1.005e+00
302: 1.788e+00
303: 4.060e-01
304: 1.408e-01
305: 1.748e+00
306: 1.081e+00
307: 6.058e-01
308: 1.148e+00
309: 8.686e-01
310: 1.426e+00
311: 8.202e-01
312: 3.366e+00
313: 5.613e-01
314: 9.272e-01
315: 4.347e-01
316: 3.991e-01
317: 1.408e+00
318: 2.083e-01
319: 5.990e-01
320: 2.514e+00
321: 1.858e+00
322: 1.089e+00
323: 4.956e-01
324: 6.448e-01
325: 1.438e+00
326: 2.173e+00
327: 1.503e+00
328: 9.655e-01
329: 6.271e-01
330: 6.022e-01
331: 3.533e-01
332: 1.053e+00
333: 1.310e+00
334: 5.291e-01
335: 1.287e-01
336: 8.596e-01
337: 7.833e-01
338: 6.949e-01
339: 6.125e-01
340: 1.622e+00
341: 7.015e-01
342: 1.099e+00
343: 5.495e-01
344: 8.313e-01
345: 1.539e+00
346: 9.077e-01
347: 1.692e+00
348: 2.729e+00
349: 6.327e-01
350: 1.056e+00
351: 6.763e-01
352: 1.234e+00
353: 1.008e+00
354: 1.372e+00
355: 4.573e-01
356: 1.192e+00
357: 3.801e+00
358: 7.187e-01
359: 8.174e-01
360: 7.219e-01
361: 1.858e+00
362: 7.233e-01
363: 5.382e-01
364: 1.159e+00
365: 6.722e-01
366: 2.182e+00
367: 4.734e-01
368: 8.407e-01
369: 9.987e-01
370: 2.811e-01
371: 1.329e+00
372: 1.199e+00
373: 1.022e+00
374: 7.008e-01
375: 6.305e-01
376: 1.023e+00
377: 6.156e-01
378: 1.114e+00
379: 4.218e-01
380: 7.957e-01
381: 1.330e+00
382: 1.166e+00
383: 2.465e-01
384: 7.831e-01
385: 0.000e+00
386: 9.163e-02
387: 7.317e-01
388: 5.200e-02
389: 2.795e-01
390: 1.646e+00
391: 3.167e-01
392: 4.878e-01
393: 3.648e-02
394: 1.652e+00
395: 7.651e-02
396: 6.155e-01
397: 1.403e+00
398: 8.056e-01
399: 1.001e+00
400: 9.184e-01
401: 4.961e+00
402: 3.774e-02
403: 0.000e+00
404: 3.401e-01
405: 2.612e-01
406: 1.306e-01
407: 4.471e-01
408: 1.304e+00
409: 1.169e+00
410: 5.826e-01
411: 3.489e-01
412: 7.307e-01
413: 7.556e-01
414: 3.777e-01
415: 1.429e+00
416: 3.341e-01
417: 1.683e-01
418: 7.526e-01
419: 5.451e-01
420: 6.447e-01
421: 7.918e-01
422: 3.928e-01
423: 9.691e-01
424: 1.114e+00
425: 1.752e+00
426: 3.132e+00
427: 1.295e+00
428: 2.538e-01
429: 1.089e+00
430: 6.939e+00
431: 7.836e-02
432: 3.320e-01
433: 3.949e-01
434: 4.550e-01
435: 9.167e-01
436: 4.765e+00
437: 2.100e+00
438: 1.440e-01
439: 1.058e-01
440: 4.467e-01
441: 5.674e-01
442: 6.173e-01
443: 1.556e-01
444: 8.043e-01
445: 1.035e+00
446: 4.744e-01
447: 5.260e-01
448: 1.072e+00
449: 4.779e-01
450: 1.654e+00
451: 1.425e+00
452: 7.794e-01
453: 8.004e-01
454: 5.276e-01
455: 5.986e-01
456: 2.471e+00
457: 1.228e+00
458: 1.657e-03
459: 1.583e-01
460: 1.849e-01
461: 3.983e-01
462: 1.985e-01
463: 3.785e-01
464: 2.343e+00
465: 8.376e-01
466: 1.171e+00
467: 1.632e+00
468: 1.154e+00
469: 1.199e+00
470: 2.686e+00
471: 9.416e-01
472: 8.088e-01
473: 1.397e-01
474: 9.504e-01
475: 6.560e-01
476: 6.159e-01
477: 8.792e-02
478: 2.771e-01
479: 8.449e-01
480: 5.519e-01
481: 1.886e-01
482: 1.456e+00
483: 1.244e+00
484: 4.034e-01
485: 1.258e+00
486: 4.730e-01
487: 6.456e-01
488: 2.005e+00
489: 2.879e-01
490: 9.639e-01
491: 9.556e-01
492: 9.654e-01
493: 2.960e+00
494: 1.042e+00
495: 5.667e-01
496: 1.210e+00
497: 6.532e-01
498: 1.837e+00
499: 1.551e+00
500: 1.385e+00
501: 1.906e+00
502: 1.701e-01
503: 2.092e+00
504: 7.035e-01
505: 3.210e-01
506: 8.873e-01
507: 6.643e-01
508: 9.311e-01
509: 2.832e-01
510: 1.051e+00
511: 1.887e+00
512: 6.740e-01
513: 1.577e+00
514: 2.332e+00
515: 1.130e+00
516: 3.020e+00
517: 1.069e+00
518: 7.073e-01
519: 1.124e+00
520: 1.026e+00
521: 9.036e-01
522: 7.934e-01
523: 2.199e+00
524: 1.159e+00
525: 1.335e+00
526: 1.340e+00
527: 4.460e+00
528: 6.904e-01
529: 3.173e-01
530: 1.045e+00
531: 4.113e-01
532: 1.625e+00
533: 1.137e+00
534: 7.611e-01
535: 1.464e-01
536: 8.185e-01
537: 1.083e+00
538: 8.377e-01
539: 4.814e-01
540: 4.982e-01
541: 3.961e-01
542: 2.304e-01
543: 8.099e-01
544: 5.519e-01
545: 9.082e-01
546: 3.593e-01
547: 1.136e+00
548: 3.936e+00
549: 2.971e-01
550: 1.483e+00
551: 6.720e-01
552: 0.000e+00
553: 2.345e+00
554: 2.436e-02
555: 2.608e-01
556: 0.000e+00
557: 6.823e-02
558: 5.349e-02
559: 3.109e-03
560: 3.787e-01
561: 7.090e-01
562: 1.020e-02
563: 1.313e+00
564: 3.492e-01
565: 4.623e-02
566: 1.051e+00
567: 1.095e+00
568: 1.380e+00
569: 1.067e+00
570: 4.433e-01
571: 3.948e-01
572: 4.165e-01
573: 6.700e-01
574: 2.017e-01
575: 5.409e-01
576: 3.340e-01
577: 1.132e+00
578: 4.861e-01
579: 6.411e-01
580: 5.885e-01
581: 5.656e-01
582: 8.069e-01
583: 1.662e+00
584: 4.518e-01
585: 6.966e-02
586: 1.569e+00
587: 1.509e-01
588: 2.073e+00
589: 5.920e-01
590: 1.736e+00
591: 5.518e-01
592: 3.103e-01
593: 2.067e+00
594: 7.115e-01
595: 1.358e-01
596: 4.169e-02
597: 2.555e-01
598: 1.843e-01
599: 5.511e-01
