10: 1.664e+00
20: 1.672e+00
30: 1.671e+00
40: 1.681e+00
50: 1.728e+00
60: 1.743e+00
70: 1.750e+00
80: 1.767e+00
90: 1.800e+00
100: 1.799e+00
110: 1.806e+00
120: 1.818e+00
130: 1.823e+00
140: 1.847e+00
150: 1.865e+00
160: 1.875e+00
170: 1.874e+00
180: 1.931e+00
190: 1.931e+00
200: 1.929e+00
210: 1.961e+00
220: 2.152e+00
230: 2.163e+00
240: 2.161e+00
250: 2.165e+00
260: 2.165e+00
270: 2.195e+00
280: 2.198e+00
290: 2.194e+00
300: 2.188e+00
310: 2.198e+00
320: 2.186e+00
330: 2.209e+00
340: 2.199e+00
350: 2.214e+00
360: 2.223e+00
370: 2.229e+00
380: 2.223e+00
390: 2.231e+00
400: 2.241e+00
410: 2.236e+00
420: 2.243e+00
430: 2.242e+00
440: 2.232e+00
450: 2.242e+00
460: 2.239e+00
470: 2.243e+00
480: 2.236e+00
490: 2.223e+00
500: 2.226e+00
510: 2.221e+00
520: 2.223e+00
530: 2.221e+00
540: 2.222e+00
550: 2.241e+00
560: 2.230e+00
570: 2.241e+00
580: 2.237e+00
590: 2.227e+00
