10: 2.369e+00
20: 2.371e+00
30: 2.371e+00
40: 2.373e+00
50: 2.394e+00
60: 2.462e+00
70: 2.484e+00
80: 2.480e+00
90: 2.580e+00
100: 2.594e+00
110: 2.599e+00
120: 2.632e+00
130: 2.639e+00
140: 2.643e+00
150: 2.676e+00
160: 2.747e+00
170: 2.736e+00
180: 2.858e+00
190: 2.807e+00
200: 2.823e+00
210: 2.886e+00
220: 3.219e+00
230: 3.208e+00
240: 3.213e+00
250: 3.206e+00
260: 3.214e+00
270: 3.227e+00
280: 3.224e+00
290: 3.208e+00
300: 3.207e+00
310: 3.202e+00
320: 3.192e+00
330: 3.205e+00
340: 3.190e+00
350: 3.195e+00
360: 3.213e+00
370: 3.220e+00
380: 3.228e+00
390: 3.228e+00
400: 3.249e+00
410: 3.231e+00
420: 3.231e+00
430: 3.242e+00
440: 3.224e+00
450: 3.237e+00
460: 3.230e+00
470: 3.232e+00
480: 3.232e+00
490: 3.219e+00
500: 3.230e+00
510: 3.223e+00
520: 3.210e+00
530: 3.215e+00
540: 3.210e+00
550: 3.208e+00
560: 3.205e+00
570: 3.208e+00
580: 3.206e+00
590: 3.196e+00
