10: 1.276e+00
20: 1.283e+00
30: 1.290e+00
40: 1.289e+00
50: 1.336e+00
60: 1.344e+00
70: 1.344e+00
80: 1.360e+00
90: 1.402e+00
100: 1.409e+00
110: 1.419e+00
120: 1.429e+00
130: 1.442e+00
140: 1.437e+00
150: 1.455e+00
160: 1.445e+00
170: 1.460e+00
180: 1.460e+00
190: 1.503e+00
200: 1.512e+00
210: 1.519e+00
220: 1.525e+00
230: 1.536e+00
240: 1.545e+00
250: 1.533e+00
260: 1.526e+00
270: 1.530e+00
280: 1.527e+00
290: 1.526e+00
300: 1.521e+00
310: 1.539e+00
320: 1.532e+00
330: 1.533e+00
340: 1.538e+00
350: 1.546e+00
360: 1.556e+00
370: 1.563e+00
380: 1.569e+00
390: 1.582e+00
400: 1.596e+00
410: 1.591e+00
420: 1.592e+00
430: 1.591e+00
440: 1.572e+00
450: 1.584e+00
460: 1.575e+00
470: 1.579e+00
480: 1.574e+00
490: 1.563e+00
500: 1.558e+00
510: 1.572e+00
520: 1.573e+00
530: 1.568e+00
540: 1.596e+00
550: 1.604e+00
560: 1.593e+00
570: 1.607e+00
580: 1.621e+00
590: 1.614e+00
