10: 1.105e+00
20: 1.115e+00
30: 1.135e+00
40: 1.180e+00
50: 1.245e+00
60: 1.231e+00
70: 1.260e+00
80: 1.287e+00
90: 1.322e+00
100: 1.326e+00
110: 1.342e+00
120: 1.354e+00
130: 1.385e+00
140: 1.328e+00
150: 1.345e+00
160: 1.370e+00
170: 1.458e+00
180: 1.426e+00
190: 1.455e+00
200: 1.433e+00
210: 1.490e+00
220: 1.652e+00
230: 1.644e+00
240: 1.637e+00
250: 1.677e+00
260: 1.692e+00
270: 1.688e+00
280: 1.692e+00
290: 1.701e+00
300: 1.731e+00
310: 1.736e+00
320: 1.752e+00
330: 1.762e+00
340: 1.766e+00
350: 1.760e+00
360: 1.745e+00
370: 1.735e+00
380: 1.737e+00
390: 1.761e+00
400: 1.751e+00
410: 1.745e+00
420: 1.755e+00
430: 1.761e+00
440: 1.774e+00
450: 1.768e+00
460: 1.780e+00
470: 1.771e+00
480: 1.783e+00
490: 1.785e+00
500: 1.787e+00
510: 1.763e+00
520: 1.772e+00
530: 1.778e+00
540: 1.791e+00
550: 1.799e+00
560: 1.829e+00
570: 1.816e+00
580: 1.803e+00
590: 1.791e+00
