10: 7.785e-01
20: 7.993e-01
30: 8.085e-01
40: 8.428e-01
50: 8.772e-01
60: 8.754e-01
70: 8.836e-01
80: 9.049e-01
90: 9.114e-01
100: 9.216e-01
110: 9.286e-01
120: 9.290e-01
130: 9.405e-01
140: 9.369e-01
150: 9.505e-01
160: 9.582e-01
170: 9.836e-01
180: 9.658e-01
190: 9.954e-01
200: 9.938e-01
210: 1.001e+00
220: 1.049e+00
230: 1.051e+00
240: 1.047e+00
250: 1.062e+00
260: 1.075e+00
270: 1.073e+00
280: 1.068e+00
290: 1.065e+00
300: 1.062e+00
310: 1.067e+00
320: 1.060e+00
330: 1.079e+00
340: 1.069e+00
350: 1.076e+00
360: 1.073e+00
370: 1.074e+00
380: 1.066e+00
390: 1.071e+00
400: 1.064e+00
410: 1.064e+00
420: 1.076e+00
430: 1.079e+00
440: 1.095e+00
450: 1.090e+00
460: 1.094e+00
470: 1.093e+00
480: 1.096e+00
490: 1.099e+00
500: 1.107e+00
510: 1.090e+00
520: 1.100e+00
530: 1.108e+00
540: 1.098e+00
550: 1.102e+00
560: 1.112e+00
570: 1.105e+00
580: 1.098e+00
590: 1.092e+00
