10: 1.163e+00
20: 1.168e+00
30: 1.169e+00
40: 1.172e+00
50: 1.178e+00
60: 1.182e+00
70: 1.184e+00
80: 1.190e+00
90: 1.193e+00
100: 1.201e+00
110: 1.205e+00
120: 1.207e+00
130: 1.209e+00
140: 1.208e+00
150: 1.216e+00
160: 1.210e+00
170: 1.217e+00
180: 1.216e+00
190: 1.222e+00
200: 1.223e+00
210: 1.224e+00
220: 1.242e+00
230: 1.248e+00
240: 1.246e+00
250: 1.244e+00
260: 1.243e+00
270: 1.249e+00
280: 1.254e+00
290: 1.253e+00
300: 1.250e+00
310: 1.253e+00
320: 1.250e+00
330: 1.257e+00
340: 1.254e+00
350: 1.258e+00
360: 1.260e+00
370: 1.262e+00
380: 1.256e+00
390: 1.256e+00
400: 1.260e+00
410: 1.255e+00
420: 1.258e+00
430: 1.264e+00
440: 1.254e+00
450: 1.257e+00
460: 1.259e+00
470: 1.254e+00
480: 1.256e+00
490: 1.250e+00
500: 1.250e+00
510: 1.246e+00
520: 1.248e+00
530: 1.249e+00
540: 1.261e+00
550: 1.260e+00
560: 1.257e+00
570: 1.263e+00
580: 1.261e+00
590: 1.256e+00
