10: 5.578e-01
20: 5.706e-01
30: 5.800e-01
40: 5.889e-01
50: 5.950e-01
60: 5.933e-01
70: 5.945e-01
80: 6.039e-01
90: 6.053e-01
100: 6.113e-01
110: 6.116e-01
120: 6.128e-01
130: 6.159e-01
140: 6.205e-01
150: 6.199e-01
160: 6.197e-01
170: 6.374e-01
180: 6.346e-01
190: 6.470e-01
200: 6.493e-01
210: 6.476e-01
220: 6.468e-01
230: 6.505e-01
240: 6.512e-01
250: 6.547e-01
260: 6.604e-01
270: 6.593e-01
280: 6.601e-01
290: 6.592e-01
300: 6.612e-01
310: 6.643e-01
320: 6.618e-01
330: 6.659e-01
340: 6.665e-01
350: 6.677e-01
360: 6.685e-01
370: 6.673e-01
380: 6.689e-01
390: 6.699e-01
400: 6.707e-01
410: 6.684e-01
420: 6.760e-01
430: 6.760e-01
440: 6.764e-01
450: 6.785e-01
460: 6.780e-01
470: 6.781e-01
480: 6.793e-01
490: 6.793e-01
500: 6.807e-01
510: 6.799e-01
520: 6.813e-01
530: 6.829e-01
540: 6.832e-01
550: 6.837e-01
560: 6.849e-01
570: 6.857e-01
580: 6.862e-01
590: 6.844e-01
