10: 2.546e+00
20: 2.553e+00
30: 2.554e+00
40: 2.557e+00
50: 2.558e+00
60: 2.559e+00
70: 2.560e+00
80: 2.563e+00
90: 2.565e+00
100: 2.594e+00
110: 2.600e+00
120: 2.600e+00
130: 2.599e+00
140: 2.617e+00
150: 2.685e+00
160: 2.932e+00
170: 2.951e+00
180: 3.118e+00
190: 3.139e+00
200: 3.195e+00
210: 3.531e+00
220: 4.015e+00
230: 4.004e+00
240: 4.012e+00
250: 4.041e+00
260: 4.037e+00
270: 4.061e+00
280: 4.083e+00
290: 4.095e+00
300: 4.090e+00
310: 4.082e+00
320: 4.117e+00
330: 4.137e+00
340: 4.118e+00
350: 4.126e+00
360: 4.148e+00
370: 4.134e+00
380: 4.202e+00
390: 4.219e+00
400: 4.248e+00
410: 4.249e+00
420: 4.231e+00
430: 4.295e+00
440: 4.277e+00
450: 4.290e+00
460: 4.297e+00
470: 4.292e+00
480: 4.289e+00
490: 4.303e+00
500: 4.315e+00
510: 4.332e+00
520: 4.339e+00
530: 4.356e+00
540: 4.400e+00
550: 4.414e+00
560: 4.397e+00
570: 4.414e+00
580: 4.437e+00
590: 4.458e+00
