10: 1.272e+00
20: 1.284e+00
30: 1.289e+00
40: 1.297e+00
50: 1.310e+00
60: 1.316e+00
70: 1.319e+00
80: 1.336e+00
90: 1.354e+00
100: 1.357e+00
110: 1.369e+00
120: 1.367e+00
130: 1.386e+00
140: 1.379e+00
150: 1.354e+00
160: 1.399e+00
170: 1.382e+00
180: 1.355e+00
190: 1.389e+00
200: 1.392e+00
210: 1.403e+00
220: 1.558e+00
230: 1.550e+00
240: 1.530e+00
250: 1.544e+00
260: 1.562e+00
270: 1.571e+00
280: 1.579e+00
290: 1.573e+00
300: 1.567e+00
310: 1.553e+00
320: 1.566e+00
330: 1.577e+00
340: 1.562e+00
350: 1.558e+00
360: 1.562e+00
370: 1.565e+00
380: 1.564e+00
390: 1.563e+00
400: 1.565e+00
410: 1.565e+00
420: 1.535e+00
430: 1.536e+00
440: 1.537e+00
450: 1.553e+00
460: 1.570e+00
470: 1.556e+00
480: 1.548e+00
490: 1.556e+00
500: 1.557e+00
510: 1.559e+00
520: 1.556e+00
530: 1.560e+00
540: 1.589e+00
550: 1.599e+00
560: 1.589e+00
570: 1.587e+00
580: 1.570e+00
590: 1.566e+00
