10: 8.777e-01
20: 8.757e-01
30: 8.741e-01
40: 8.844e-01
50: 8.992e-01
60: 9.020e-01
70: 8.972e-01
80: 8.963e-01
90: 9.122e-01
100: 9.160e-01
110: 9.196e-01
120: 9.246e-01
130: 9.218e-01
140: 9.236e-01
150: 9.273e-01
160: 9.138e-01
170: 9.125e-01
180: 9.229e-01
190: 9.328e-01
200: 9.315e-01
210: 9.410e-01
220: 9.694e-01
230: 9.559e-01
240: 9.499e-01
250: 9.434e-01
260: 9.395e-01
270: 9.450e-01
280: 9.444e-01
290: 9.427e-01
300: 9.371e-01
310: 9.366e-01
320: 9.340e-01
330: 9.411e-01
340: 9.359e-01
350: 9.424e-01
360: 9.440e-01
370: 9.515e-01
380: 9.470e-01
390: 9.509e-01
400: 9.496e-01
410: 9.625e-01
420: 9.430e-01
430: 9.514e-01
440: 9.449e-01
450: 9.428e-01
460: 9.464e-01
470: 9.507e-01
480: 9.460e-01
490: 9.421e-01
500: 9.398e-01
510: 9.390e-01
520: 9.356e-01
530: 9.378e-01
540: 9.491e-01
550: 9.509e-01
560: 9.481e-01
570: 9.519e-01
580: 9.487e-01
590: 9.475e-01
