10: 1.813e+00
20: 1.842e+00
30: 1.841e+00
40: 1.873e+00
50: 1.878e+00
60: 1.950e+00
70: 1.973e+00
80: 2.035e+00
90: 2.094e+00
100: 2.105e+00
110: 2.118e+00
120: 2.137e+00
130: 2.128e+00
140: 2.120e+00
150: 2.203e+00
160: 2.245e+00
170: 2.218e+00
180: 2.308e+00
190: 2.347e+00
200: 2.362e+00
210: 2.418e+00
220: 2.613e+00
230: 2.621e+00
240: 2.613e+00
250: 2.612e+00
260: 2.629e+00
270: 2.670e+00
280: 2.663e+00
290: 2.651e+00
300: 2.617e+00
310: 2.623e+00
320: 2.574e+00
330: 2.639e+00
340: 2.601e+00
350: 2.623e+00
360: 2.636e+00
370: 2.653e+00
380: 2.644e+00
390: 2.662e+00
400: 2.684e+00
410: 2.682e+00
420: 2.699e+00
430: 2.694e+00
440: 2.710e+00
450: 2.722e+00
460: 2.714e+00
470: 2.730e+00
480: 2.718e+00
490: 2.704e+00
500: 2.722e+00
510: 2.710e+00
520: 2.723e+00
530: 2.733e+00
540: 2.714e+00
550: 2.735e+00
560: 2.725e+00
570: 2.731e+00
580: 2.734e+00
590: 2.729e+00
