10: 2.551e+00
20: 2.565e+00
30: 2.584e+00
40: 2.630e+00
50: 2.700e+00
60: 2.687e+00
70: 2.724e+00
80: 2.763e+00
90: 2.805e+00
100: 2.801e+00
110: 2.818e+00
120: 2.841e+00
130: 2.879e+00
140: 2.837e+00
150: 3.034e+00
160: 3.189e+00
170: 3.205e+00
180: 3.349e+00
190: 3.348e+00
200: 3.400e+00
210: 3.557e+00
220: 4.188e+00
230: 4.195e+00
240: 4.183e+00
250: 4.190e+00
260: 4.171e+00
270: 4.177e+00
280: 4.192e+00
290: 4.168e+00
300: 4.169e+00
310: 4.156e+00
320: 4.183e+00
330: 4.209e+00
340: 4.178e+00
350: 4.185e+00
360: 4.199e+00
370: 4.192e+00
380: 4.204e+00
390: 4.215e+00
400: 4.236e+00
410: 4.213e+00
420: 4.221e+00
430: 4.252e+00
440: 4.233e+00
450: 4.257e+00
460: 4.247e+00
470: 4.243e+00
480: 4.257e+00
490: 4.247e+00
500: 4.263e+00
510: 4.230e+00
520: 4.236e+00
530: 4.238e+00
540: 4.251e+00
550: 4.243e+00
560: 4.254e+00
570: 4.265e+00
580: 4.264e+00
590: 4.264e+00
