10: 2.742e+00
20: 2.744e+00
30: 2.759e+00
40: 2.803e+00
50: 2.825e+00
60: 2.826e+00
70: 2.823e+00
80: 2.852e+00
90: 2.848e+00
100: 2.831e+00
110: 2.802e+00
120: 2.803e+00
130: 2.769e+00
140: 2.769e+00
150: 2.772e+00
160: 2.744e+00
170: 2.842e+00
180: 2.857e+00
190: 2.854e+00
200: 2.854e+00
210: 3.164e+00
220: 3.272e+00
230: 3.284e+00
240: 3.334e+00
250: 3.365e+00
260: 3.394e+00
270: 3.394e+00
280: 3.416e+00
290: 3.445e+00
300: 3.473e+00
310: 3.506e+00
320: 3.507e+00
330: 3.538e+00
340: 3.556e+00
350: 3.578e+00
360: 3.603e+00
370: 3.614e+00
380: 3.624e+00
390: 3.626e+00
400: 3.627e+00
410: 3.619e+00
420: 3.632e+00
430: 3.628e+00
440: 3.641e+00
450: 3.647e+00
460: 3.662e+00
470: 3.670e+00
480: 3.679e+00
490: 3.684e+00
500: 3.692e+00
510: 3.709e+00
520: 3.718e+00
530: 3.739e+00
540: 3.763e+00
550: 3.744e+00
560: 3.752e+00
570: 3.756e+00
580: 3.774e+00
590: 3.784e+00
