1: 5.935e-01
2: -4.124e-01
3: -6.303e-03
4: -3.617e-01
5: -1.630e-01
6: 4.692e-02
7: 2.754e-01
8: 4.092e-01
9: 5.556e-03
10: -1.747e-01
11: -2.741e-01
12: -1.598e-01
13: 1.295e-02
14: -1.056e-01
15: 9.248e-01
16: 1.298e+00
17: -1.124e+00
18: -5.491e-01
19: -5.887e-01
20: -6.242e-01
21: -2.323e-01
22: 2.055e-01
23: 5.785e-01
24: 4.101e-01
25: -3.261e-01
26: -8.574e-02
27: -2.931e-01
28: 3.546e-02
29: -2.464e-01
30: -1.992e-01
31: -5.123e-02
32: 6.055e-01
33: -7.430e-01
34: 4.398e-01
35: 5.450e-01
36: -1.445e-01
37: -4.476e-01
38: -6.443e-05
39: -3.504e-01
40: -2.707e-01
41: -1.414e-01
42: -2.820e-01
43: 6.573e-02
44: -2.248e-02
45: -4.226e-01
46: 3.028e-01
47: 2.987e-01
48: 5.717e-01
49: -4.838e-01
50: 3.454e-01
51: -1.183e+00
52: -2.725e-01
53: -2.984e-01
54: -5.723e-01
55: -4.658e-02
56: -1.932e-01
57: -1.072e+00
58: 1.833e-01
59: -4.859e-02
60: 4.702e-01
61: 5.558e-01
62: -2.638e-01
63: -1.888e-01
64: 3.666e-01
65: 1.575e-01
66: 4.408e-01
67: 4.693e-01
68: 5.188e-02
69: 6.899e-02
70: -2.309e+00
71: -3.229e-01
72: -8.232e-02
73: -2.073e-01
74: 4.763e-02
75: 2.022e-02
76: -5.021e-02
77: -9.842e-02
78: 1.837e-01
79: -9.250e-02
80: 2.189e-01
81: -2.015e-01
82: -2.376e-03
83: -4.826e-01
84: 1.714e-01
85: -3.802e-02
86: -1.213e+00
87: 7.004e-01
88: -4.272e-03
89: 1.029e-01
90: 1.203e-01
91: -5.038e-01
92: -8.386e-01
93: 7.634e-04
94: 5.972e-01
95: 9.131e-02
96: 4.086e-01
97: 3.589e-01
98: -2.186e-01
99: 2.610e-01
100: -1.185e+00
101: -3.195e-01
102: -3.348e-02
103: 4.754e-02
104: -7.403e-01
105: -6.136e-01
106: -5.703e-02
107: -6.921e-02
108: 3.573e-01
109: -1.281e+00
110: -8.622e-01
111: -8.091e-01
112: -4.119e-01
113: 1.081e-01
114: -2.182e-01
115: 4.177e-02
116: -2.963e-01
117: -8.035e-02
118: -1.498e+00
119: 4.900e-01
120: 4.368e-02
121: 7.942e-02
122: 6.545e-02
123: 3.926e-01
124: 5.022e-02
125: 1.435e-01
126: 1.702e-01
127: 1.726e+00
128: 2.000e-01
129: 5.146e-01
130: 8.469e-02
131: -1.713e-02
132: 4.238e-01
133: 3.171e-02
134: 6.007e-02
135: 5.734e-01
136: 7.619e-02
137: -4.351e-01
138: 4.236e-01
139: 5.793e-01
140: -1.161e-01
141: -2.674e-01
142: -5.171e-02
143: 1.987e-01
144: -6.806e-02
145: -3.933e-01
146: 1.564e-01
147: -1.789e-01
148: -3.300e-01
149: 3.550e-01
150: 2.301e-01
151: 2.212e-01
152: 1.357e-01
153: 1.629e-01
154: 1.530e-01
155: 5.961e-01
156: 4.115e-01
157: 1.925e-01
158: 3.067e-01
159: 8.423e-02
160: 6.547e-02
161: 4.562e-01
162: -1.672e-03
163: -3.346e-01
164: -1.465e-01
165: 1.995e-01
166: -2.296e-01
167: 5.771e-02
168: -8.796e-04
169: 1.932e-01
170: 2.544e-03
171: 4.603e-01
172: 1.147e-02
173: -4.305e-01
174: -2.458e-01
175: -4.018e-02
176: 2.645e-01
177: 2.562e-01
178: -8.856e-01
179: 1.679e-01
180: -6.803e-01
181: -5.695e-01
182: -1.784e-01
183: -5.628e-01
184: -4.318e-01
185: 7.482e-02
186: 3.097e-02
187: 2.359e-01
188: -3.887e-01
189: -2.334e-01
190: 4.834e-01
191: -4.434e-01
192: -6.991e-01
193: -3.240e-01
194: -2.740e-01
195: -3.691e-01
196: -2.137e-01
197: -3.727e-01
198: -3.438e-01
199: 1.299e-01
200: 6.225e-02
201: 1.479e-01
202: -4.348e-01
203: 1.512e-01
204: 2.123e-01
205: -8.904e-02
206: -3.040e-01
207: 1.661e-02
208: 2.010e-02
209: 2.063e-01
210: -1.393e-01
211: 6.556e-02
212: 7.314e-02
213: -2.230e-01
214: 5.890e-01
215: 1.005e-01
216: -7.284e-01
217: 3.035e+00
218: 2.023e+00
219: -6.839e-01
220: -6.410e-01
221: -5.678e-01
222: -5.467e-01
223: -3.507e-01
224: -3.596e-01
225: -1.052e-01
226: -2.324e-01
227: -6.159e-01
228: -9.198e-02
229: -1.894e-01
230: 1.473e-01
231: 2.144e-01
232: 3.142e-01
233: 6.390e-02
234: -1.008e-01
235: -3.517e-02
236: 9.518e-02
237: -6.327e-01
238: -4.093e-01
239: -1.981e-01
240: -4.560e-01
241: -3.386e-01
242: -7.648e-02
243: -3.483e-01
244: -1.129e-01
245: 1.689e-01
246: -3.233e-01
247: -7.570e-02
248: 1.925e-01
249: 8.913e-02
250: -2.289e-01
251: -1.241e-01
252: -3.224e-01
253: 7.735e-02
254: -6.416e-01
255: -1.796e-01
256: -1.084e-01
257: 1.240e-01
258: 2.852e-01
259: 1.694e-01
260: 7.982e-02
261: -3.639e-01
262: -7.353e-02
263: 4.989e-02
264: 1.639e-01
265: -1.084e+00
266: -7.509e-01
267: -6.800e-01
268: -4.920e-01
269: -3.242e-01
270: -2.666e-01
271: -1.898e-01
272: -2.004e-01
273: -2.359e-01
274: -3.584e-02
275: 6.937e-02
276: 1.313e-01
277: -6.679e-02
278: 1.340e-01
279: 1.862e-01
280: 6.644e-02
281: 7.089e-02
282: 1.129e-01
283: -2.697e-02
284: 1.714e-02
285: 1.012e-01
286: -1.947e-01
287: -8.099e-02
288: -1.285e-01
289: -1.327e-01
290: -1.678e-01
291: -4.357e-01
292: -4.419e-01
293: -1.398e-01
294: 1.390e-01
295: 1.556e-01
296: 2.135e-01
297: -3.112e-01
298: -1.664e-01
299: -2.083e-01
300: -1.904e-01
301: -1.101e-01
302: 1.306e-01
303: 1.338e-01
304: -3.187e-01
305: -2.717e-01
306: -7.719e-02
307: -2.106e-01
308: -8.598e-02
309: -4.459e-01
310: -2.273e-01
311: 1.033e-01
312: -2.472e-02
313: -8.247e-02
314: -6.505e-01
315: -2.710e-01
316: -1.042e-01
317: -2.234e-01
318: 1.432e-01
319: 1.761e-01
320: -2.402e-01
321: -1.357e-01
322: -1.848e-01
323: 6.364e-03
324: 1.141e-01
325: 7.409e-02
326: 1.264e-01
327: 9.620e-02
328: 1.618e-01
329: -2.521e-01
330: -2.759e-01
331: -2.958e-01
332: -2.261e-01
333: -2.764e-01
334: -5.501e-02
335: -1.619e-01
336: -3.116e-01
337: -2.678e-01
338: -1.861e-01
339: -1.406e-01
340: -2.939e-01
341: -1.903e-01
342: -4.201e-02
343: 2.140e-02
344: 4.919e-02
345: -1.419e-01
346: -2.777e-03
347: -1.734e-01
348: -7.018e-01
349: 2.149e-01
350: -3.274e-02
351: 1.341e-01
352: -1.995e-01
353: -1.322e-01
354: 3.714e-02
355: 1.491e-01
356: 3.430e-02
357: -3.112e-01
358: -2.936e-01
359: -1.103e-04
360: 6.178e-02
361: 8.432e-02
362: 7.134e-02
363: 1.225e-01
364: 1.349e-01
365: 3.507e-02
366: -4.566e-02
367: 4.162e-02
368: 3.538e-02
369: 2.920e-02
370: -2.466e-03
371: -5.836e-01
372: -6.553e-01
373: 1.713e-01
374: 1.083e-01
375: -5.999e-02
376: 4.208e-02
377: 1.661e-01
378: 1.682e-01
379: 2.317e-01
380: 2.171e-01
381: 1.417e-01
382: 1.279e-01
383: -4.628e-01
384: -1.111e+00
385: -6.625e-01
386: 1.804e-01
387: -1.035e-01
388: -7.169e-01
389: -4.160e-01
390: -5.962e-01
391: 4.663e-01
392: -1.968e-01
393: -5.248e-01
394: -7.456e-01
395: -4.849e-01
396: -3.137e-01
397: -2.867e-01
398: -4.658e-02
399: -7.409e-02
400: -1.181e-01
401: -4.974e-01
402: -4.140e-01
403: -9.730e-01
404: -8.024e-01
405: -3.986e-01
406: -1.031e-01
407: -9.073e-02
408: -7.338e-02
409: 1.811e-02
410: -4.546e-01
411: 7.992e-02
412: -2.605e-01
413: -8.184e-01
414: -5.163e-01
415: -2.509e-01
416: 1.185e-01
417: -5.763e-01
418: -5.820e-01
419: -1.256e-01
420: 1.029e-01
421: 1.187e-01
422: 1.492e-01
423: -6.346e-02
424: -1.035e-02
425: 1.105e-02
426: -2.972e-01
427: -1.850e-01
428: -2.857e-01
429: 2.862e-02
430: -8.127e-01
431: -4.444e-01
432: -3.793e-01
433: -5.830e-01
434: -2.864e-01
435: -1.487e-01
436: -4.412e-01
437: -1.548e-01
438: -1.041e+00
439: -6.699e-01
440: -6.787e-01
441: -6.538e-01
442: -5.009e-01
443: -2.477e-01
444: -1.320e-01
445: 2.272e-01
446: -7.834e-02
447: -1.348e-01
448: -1.995e-01
449: 4.020e-02
450: -2.116e-02
451: -5.229e-01
452: -2.826e-01
453: -1.156e-02
454: 1.350e-01
455: 4.997e-02
456: -1.717e-02
457: 3.658e-02
458: -6.743e-01
459: -8.145e-01
460: -7.469e-01
461: -6.014e-01
462: -3.436e-01
463: -1.990e-01
464: -7.909e-01
465: -2.362e-01
466: -2.009e-01
467: -8.137e-02
468: -1.114e-01
469: 5.592e-02
470: -1.920e-01
471: -1.434e-01
472: -9.938e-03
473: -7.409e-01
474: -6.674e-01
475: -3.801e-01
476: -3.055e-01
477: -2.351e-01
478: -1.795e-01
479: -1.578e-01
480: -3.648e-01
481: -2.214e-01
482: -6.092e-02
483: 3.409e-02
484: -6.375e-02
485: -5.838e-03
486: -8.054e-02
487: -3.144e-01
488: -3.683e-01
489: -2.057e-01
490: -1.230e-01
491: -3.238e-02
492: -2.605e-02
493: -1.306e-01
494: 8.291e-03
495: 1.405e-01
496: 1.297e-01
497: 1.513e-01
498: 7.240e-02
499: -4.923e-02
500: 2.967e-02
501: -1.016e-01
502: -3.836e-01
503: 6.450e-03
504: 1.036e-02
505: 4.807e-02
506: -2.975e-01
507: -1.338e-01
508: -3.468e-01
509: -3.362e-01
510: -2.170e-01
511: -1.190e-01
512: 1.939e-02
513: 1.377e-02
514: -1.420e-03
515: 1.163e-01
516: -4.772e-02
517: -1.039e-01
518: -1.058e-01
519: -1.884e-01
520: -6.943e-02
521: -1.133e-01
522: -3.980e-02
523: -1.191e-03
524: -3.195e-02
525: 2.789e-02
526: 2.258e-02
527: -2.051e-01
528: 2.666e-02
529: 1.790e-01
530: -1.718e-01
531: -2.227e-01
532: -2.112e-01
533: -5.811e-02
534: -1.253e-01
535: -1.458e-02
536: -2.518e-01
537: 1.060e-01
538: -2.660e-01
539: -4.603e-02
540: -4.396e-01
541: -4.362e-01
542: -2.630e-01
543: -5.648e-01
544: -1.348e-01
545: 1.777e-01
546: 1.125e-01
547: 1.546e-01
548: -5.819e-01
549: -3.583e-01
550: -3.811e-01
551: -2.129e-01
552: -8.872e-01
553: -1.298e+00
554: -7.555e-01
555: -6.552e-01
556: -9.696e-01
557: -7.879e-01
558: -7.444e-01
559: -7.873e-01
560: -6.178e-01
561: -5.391e-01
562: -6.491e-01
563: -4.581e-01
564: -4.393e-01
565: -5.229e-01
566: -4.808e-01
567: -4.336e-01
568: -3.031e-01
569: -1.950e-01
570: -4.954e-01
571: -4.602e-01
572: -1.772e-01
573: -1.240e-01
574: -4.600e-01
575: -1.971e-01
576: -3.085e-01
577: -5.119e-01
578: -5.903e-01
579: -3.719e-01
580: -1.882e-01
581: -1.175e-01
582: -2.176e-02
583: -4.140e-01
584: -2.229e-01
585: -5.442e-01
586: -5.122e-01
587: -5.565e-01
588: -5.345e-01
589: -2.979e-01
590: -4.817e-01
591: -2.668e-01
592: -2.066e-01
593: -6.586e-01
594: -4.566e-01
595: -9.638e-01
596: -6.065e-01
597: -5.483e-01
598: -2.368e-01
599: -4.417e-02
