10: 6.913e-01
20: 6.953e-01
30: 6.974e-01
40: 7.022e-01
50: 7.079e-01
60: 7.085e-01
70: 7.094e-01
80: 7.122e-01
90: 7.144e-01
100: 7.169e-01
110: 7.176e-01
120: 7.185e-01
130: 7.196e-01
140: 7.202e-01
150: 7.221e-01
160: 7.241e-01
170: 7.260e-01
180: 7.287e-01
190: 7.287e-01
200: 7.302e-01
210: 7.317e-01
220: 7.401e-01
230: 7.399e-01
240: 7.401e-01
250: 7.405e-01
260: 7.405e-01
270: 7.408e-01
280: 7.408e-01
290: 7.407e-01
300: 7.408e-01
310: 7.409e-01
320: 7.409e-01
330: 7.414e-01
340: 7.413e-01
350: 7.418e-01
360: 7.418e-01
370: 7.423e-01
380: 7.420e-01
390: 7.421e-01
400: 7.424e-01
410: 7.421e-01
420: 7.423e-01
430: 7.424e-01
440: 7.425e-01
450: 7.427e-01
460: 7.431e-01
470: 7.430e-01
480: 7.430e-01
490: 7.427e-01
500: 7.429e-01
510: 7.427e-01
520: 7.430e-01
530: 7.432e-01
540: 7.431e-01
550: 7.436e-01
560: 7.439e-01
570: 7.438e-01
580: 7.443e-01
590: 7.439e-01
